TN:
SF:src\lib\index.ts
FNF:0
FNH:0
DA:12,0
DA:15,0
DA:22,0
LF:3
LH:0
BRF:0
BRH:0
end_of_record
TN:
SF:src\lib\rules\index.ts
FNF:0
FNH:0
DA:1,0
DA:2,0
DA:3,0
DA:5,0
DA:11,0
LF:5
LH:0
BRF:0
BRH:0
end_of_record
TN:
SF:src\lib\rules\input-name.ts
FN:61,(anonymous_0)
FN:67,isMutation
FN:69,(anonymous_2)
FN:74,isQuery
FN:76,(anonymous_4)
FN:80,findArgDecorator
FN:82,(anonymous_6)
FN:86,(anonymous_7)
FN:113,(anonymous_8)
FNF:9
FNH:7
FNDA:6,(anonymous_0)
FNDA:6,isMutation
FNDA:6,(anonymous_2)
FNDA:0,isQuery
FNDA:0,(anonymous_4)
FNDA:8,findArgDecorator
FNDA:8,(anonymous_6)
FNDA:6,(anonymous_7)
FNDA:2,(anonymous_8)
DA:7,2
DA:18,2
DA:62,6
DA:68,6
DA:70,6
DA:75,0
DA:76,0
DA:81,8
DA:82,8
DA:85,6
DA:87,6
DA:90,6
DA:91,6
DA:92,8
DA:94,8
DA:95,8
DA:97,6
DA:98,0
DA:100,6
DA:101,6
DA:102,6
DA:104,2
DA:113,2
DA:126,2
LF:24
LH:21
BRDA:70,0,0,6
BRDA:70,0,1,6
BRDA:70,0,2,6
BRDA:76,1,0,0
BRDA:76,1,1,0
BRDA:76,1,2,0
BRDA:82,2,0,8
BRDA:82,2,1,8
BRDA:82,2,2,8
BRDA:87,3,0,0
BRDA:87,4,0,6
BRDA:87,4,1,6
BRDA:87,4,2,6
BRDA:87,4,3,0
BRDA:90,5,0,0
BRDA:92,6,0,0
BRDA:92,7,0,8
BRDA:92,7,1,8
BRDA:95,8,0,2
BRDA:97,9,0,0
BRDA:97,10,0,6
BRDA:97,10,1,6
BRDA:97,10,2,6
BRDA:102,11,0,4
BRF:24
BRH:16
end_of_record
TN:
SF:src\lib\rules\input-type-name.ts
FN:63,(anonymous_0)
FN:70,isMutation
FN:72,(anonymous_2)
FN:79,isQuery
FN:81,(anonymous_4)
FN:88,findArgDecorator
FN:90,(anonymous_6)
FN:97,(anonymous_7)
FN:147,(anonymous_8)
FNF:9
FNH:0
FNDA:0,(anonymous_0)
FNDA:0,isMutation
FNDA:0,(anonymous_2)
FNDA:0,isQuery
FNDA:0,(anonymous_4)
FNDA:0,findArgDecorator
FNDA:0,(anonymous_6)
FNDA:0,(anonymous_7)
FNDA:0,(anonymous_8)
DA:6,0
DA:7,0
DA:19,0
DA:64,0
DA:71,0
DA:73,0
DA:80,0
DA:82,0
DA:89,0
DA:91,0
DA:96,0
DA:99,0
DA:100,0
DA:102,0
DA:103,0
DA:105,0
DA:106,0
DA:108,0
DA:109,0
DA:112,0
DA:113,0
DA:114,0
DA:115,0
DA:117,0
DA:118,0
DA:119,0
DA:121,0
DA:128,0
DA:129,0
DA:131,0
DA:132,0
DA:134,0
DA:135,0
DA:137,0
DA:147,0
DA:160,0
LF:36
LH:0
BRDA:73,0,0,0
BRDA:73,0,1,0
BRDA:73,0,2,0
BRDA:82,1,0,0
BRDA:82,1,1,0
BRDA:82,1,2,0
BRDA:91,2,0,0
BRDA:91,2,1,0
BRDA:91,2,2,0
BRDA:102,3,0,0
BRDA:102,4,0,0
BRDA:102,4,1,0
BRDA:102,4,2,0
BRDA:102,4,3,0
BRDA:105,5,0,0
BRDA:113,6,0,0
BRDA:115,7,0,0
BRDA:115,8,0,0
BRDA:115,8,1,0
BRDA:118,9,0,0
BRDA:121,10,0,0
BRDA:122,11,0,0
BRDA:122,11,1,0
BRDA:122,11,2,0
BRDA:122,11,3,0
BRDA:122,11,4,0
BRDA:134,12,0,0
BRF:27
BRH:0
end_of_record
TN:
SF:src\lib\rules\require-description.ts
FN:37,(anonymous_0)
FN:51,(anonymous_1)
FN:53,(anonymous_2)
FN:72,(anonymous_3)
FNF:4
FNH:4
FNDA:9,(anonymous_0)
FNDA:9,(anonymous_1)
FNDA:8,(anonymous_2)
FNDA:6,(anonymous_3)
DA:7,1
DA:21,1
DA:50,9
DA:53,9
DA:54,8
DA:55,8
DA:60,7
DA:61,7
DA:62,2
DA:69,5
DA:70,5
DA:71,5
DA:72,5
DA:73,6
DA:75,5
DA:76,1
DA:91,1
LF:17
LH:17
BRDA:55,0,0,7
BRDA:56,1,0,8
BRDA:56,1,1,7
BRDA:56,1,2,7
BRDA:56,1,3,2
BRDA:61,2,0,2
BRDA:69,3,0,4
BRDA:69,3,1,1
BRDA:71,4,0,5
BRDA:71,5,0,5
BRDA:71,5,1,5
BRDA:73,6,0,6
BRDA:73,6,1,6
BRDA:73,6,2,6
BRDA:75,7,0,1
BRF:15
BRH:15
end_of_record
TN:
SF:src\lib\utils\createRule.ts
FN:4,(anonymous_0)
FNF:1
FNH:1
FNDA:3,(anonymous_0)
DA:1,3
DA:3,3
DA:4,3
LF:3
LH:3
BRF:0
BRH:0
end_of_record
